<?xml version="1.0"?>
<testsuites>
  <testsuite name="PhantomJS 1.9.7 (Linux)" package="" timestamp="2014-03-07T09:29:40" id="0" hostname="precise32" tests="8" errors="0" failures="0" time="0.004">
    <properties>
      <property name="browser.fullName" value="Mozilla/5.0 (Unknown; Linux i686) AppleWebKit/534.34 (KHTML, like Gecko) PhantomJS/1.9.7 Safari/534.34"/>
    </properties>
    <testcase name="should check if string" time="0.002" classname="PhantomJS 1.9.7 (Linux).helper function"/>
    <testcase name="should check if array" time="0.001" classname="PhantomJS 1.9.7 (Linux).helper function"/>
    <testcase name="should check if int" time="0" classname="PhantomJS 1.9.7 (Linux).helper function"/>
    <testcase name="should check if variable is set" time="0" classname="PhantomJS 1.9.7 (Linux).helper function"/>
    <testcase name="should convert convert string to int" time="0" classname="PhantomJS 1.9.7 (Linux).helper function"/>
    <testcase name="should get the current time" time="0.001" classname="PhantomJS 1.9.7 (Linux).helper function"/>
    <testcase name="should get the text Sunday" time="0" classname="PhantomJS 1.9.7 (Linux).helper function"/>
    <testcase name="should convert json to object" time="0" classname="PhantomJS 1.9.7 (Linux).helper function"/>
    <system-out><![CDATA[
]]></system-out>
    <system-err/>
  </testsuite>
</testsuites>
